This is pdfTeX, Version 3.1415926-2.5-1.40.14 (TeX Live 2013/Debian) (format=pdflatex 2015.2.11)  30 JUN 2015 17:55
entering extended mode
 restricted \write18 enabled.
 %&-line parsing enabled.
**Modelling_writeup.tex
(./Modelling_writeup.tex
LaTeX2e <2011/06/27>
Babel <3.9h> and hyphenation patterns for 78 languages loaded.
(./biophys.cls
Document Class: biophys 2013/08/30 V2 Standard LaTeX document class

****************************************************************************
LaTeX Document Class for BioPhysics
This file is copyright 2013 by TNQ. All rights reserved
See biophys.cls for copyright information.
******************************************************************************

(/usr/share/texlive/texmf-dist/tex/latex/base/size10.clo
File: size10.clo 2007/10/19 v1.4h Standard LaTeX file (size option)
)
\fulltextwidth=\dimen102
\abstractbox=\box26
\c@part=\count79
\c@section=\count80
\c@subsection=\count81
\c@subsubsection=\count82
\c@paragraph=\count83
\c@subparagraph=\count84
\c@figure=\count85
\c@table=\count86
\abovecaptionskip=\skip41
\belowcaptionskip=\skip42
\bibindent=\dimen103

(/usr/share/texlive/texmf-dist/tex/latex/graphics/graphicx.sty
Package: graphicx 1999/02/16 v1.0f Enhanced LaTeX Graphics (DPC,SPQR)

(/usr/share/texlive/texmf-dist/tex/latex/graphics/keyval.sty
Package: keyval 1999/03/16 v1.13 key=value parser (DPC)
\KV@toks@=\toks14
)
(/usr/share/texlive/texmf-dist/tex/latex/graphics/graphics.sty
Package: graphics 2009/02/05 v1.0o Standard LaTeX Graphics (DPC,SPQR)

(/usr/share/texlive/texmf-dist/tex/latex/graphics/trig.sty
Package: trig 1999/03/16 v1.09 sin cos tan (DPC)
)
(/usr/share/texlive/texmf-dist/tex/latex/latexconfig/graphics.cfg
File: graphics.cfg 2010/04/23 v1.9 graphics configuration of TeX Live
)
Package graphics Info: Driver file: pdftex.def on input line 91.

(/usr/share/texlive/texmf-dist/tex/latex/pdftex-def/pdftex.def
File: pdftex.def 2011/05/27 v0.06d Graphics/color for pdfTeX

(/usr/share/texlive/texmf-dist/tex/generic/oberdiek/infwarerr.sty
Package: infwarerr 2010/04/08 v1.3 Providing info/warning/error messages (HO)
)
(/usr/share/texlive/texmf-dist/tex/generic/oberdiek/ltxcmds.sty
Package: ltxcmds 2011/11/09 v1.22 LaTeX kernel commands for general use (HO)
)
\Gread@gobject=\count87
))
\Gin@req@height=\dimen104
\Gin@req@width=\dimen105
)
(/usr/share/texlive/texmf-dist/tex/latex/oberdiek/epstopdf.sty
Package: epstopdf 2010/02/09 v2.5 Conversion with epstopdf on the fly (HO)

(/usr/share/texlive/texmf-dist/tex/latex/oberdiek/epstopdf-base.sty
Package: epstopdf-base 2010/02/09 v2.5 Base part for package epstopdf

(/usr/share/texlive/texmf-dist/tex/latex/oberdiek/grfext.sty
Package: grfext 2010/08/19 v1.1 Manage graphics extensions (HO)

(/usr/share/texlive/texmf-dist/tex/generic/oberdiek/kvdefinekeys.sty
Package: kvdefinekeys 2011/04/07 v1.3 Define keys (HO)
))
(/usr/share/texlive/texmf-dist/tex/latex/oberdiek/kvoptions.sty
Package: kvoptions 2011/06/30 v3.11 Key value format for package options (HO)

(/usr/share/texlive/texmf-dist/tex/generic/oberdiek/kvsetkeys.sty
Package: kvsetkeys 2012/04/25 v1.16 Key value parser (HO)

(/usr/share/texlive/texmf-dist/tex/generic/oberdiek/etexcmds.sty
Package: etexcmds 2011/02/16 v1.5 Avoid name clashes with e-TeX commands (HO)

(/usr/share/texlive/texmf-dist/tex/generic/oberdiek/ifluatex.sty
Package: ifluatex 2010/03/01 v1.3 Provides the ifluatex switch (HO)
Package ifluatex Info: LuaTeX not detected.
)
Package etexcmds Info: Could not find \expanded.
(etexcmds)             That can mean that you are not using pdfTeX 1.50 or
(etexcmds)             that some package has redefined \expanded.
(etexcmds)             In the latter case, load this package earlier.
)))
(/usr/share/texlive/texmf-dist/tex/generic/oberdiek/pdftexcmds.sty
Package: pdftexcmds 2011/11/29 v0.20 Utility functions of pdfTeX for LuaTeX (HO
)

(/usr/share/texlive/texmf-dist/tex/generic/oberdiek/ifpdf.sty
Package: ifpdf 2011/01/30 v2.3 Provides the ifpdf switch (HO)
Package ifpdf Info: pdfTeX in PDF mode is detected.
)
Package pdftexcmds Info: LuaTeX not detected.
Package pdftexcmds Info: \pdf@primitive is available.
Package pdftexcmds Info: \pdf@ifprimitive is available.
Package pdftexcmds Info: \pdfdraftmode found.
)
Package grfext Info: Graphics extension search list:
(grfext)             [.png,.pdf,.jpg,.mps,.jpeg,.jbig2,.jb2,.PNG,.PDF,.JPG,.JPE
G,.JBIG2,.JB2,.eps]
(grfext)             \AppendGraphicsExtensions on input line 452.

(/usr/share/texlive/texmf-dist/tex/latex/latexconfig/epstopdf-sys.cfg
File: epstopdf-sys.cfg 2010/07/13 v1.3 Configuration of (r)epstopdf for TeX Liv
e
)))
(/usr/share/texlive/texmf-dist/tex/latex/lastpage/lastpage.sty
Package: lastpage 2013/01/28 v1.2l Refers to last page's name (HMM; JPG)
)
(/usr/share/texlive/texmf-dist/tex/latex/tools/multicol.sty
Package: multicol 2011/06/27 v1.7a multicolumn formatting (FMi)
\c@tracingmulticols=\count88


Package multicol Warning: May not work with the twocolumn option on input line 
135.

\mult@box=\box27
\multicol@leftmargin=\dimen106
\c@unbalance=\count89
\c@collectmore=\count90
\doublecol@number=\count91
\multicoltolerance=\count92
\multicolpretolerance=\count93
\full@width=\dimen107
\page@free=\dimen108
\premulticols=\dimen109
\postmulticols=\dimen110
\multicolsep=\skip43
\multicolbaselineskip=\skip44
\partial@page=\box28
\last@line=\box29
\mult@rightbox=\box30
\mult@grightbox=\box31
\mult@gfirstbox=\box32
\mult@firstbox=\box33
\@tempa=\box34
\@tempa=\box35
\@tempa=\box36
\@tempa=\box37
\@tempa=\box38
\@tempa=\box39
\@tempa=\box40
\@tempa=\box41
\@tempa=\box42
\@tempa=\box43
\@tempa=\box44
\@tempa=\box45
\@tempa=\box46
\@tempa=\box47
\@tempa=\box48
\@tempa=\box49
\@tempa=\box50
\c@columnbadness=\count94
\c@finalcolumnbadness=\count95
\last@try=\dimen111
\multicolovershoot=\dimen112
\multicolundershoot=\dimen113
\mult@nat@firstbox=\box51
\colbreak@box=\box52
\multicol@sort@counter=\count96
) (/usr/share/texlive/texmf-dist/tex/generic/ulem/ulem.sty
\UL@box=\box53
\UL@hyphenbox=\box54
\UL@skip=\skip45
\UL@hook=\toks15
\UL@height=\dimen114
\UL@pe=\count97
\UL@pixel=\dimen115
\ULC@box=\box55
Package: ulem 2012/05/18
\ULdepth=\dimen116
)
(/usr/share/texlive/texmf-dist/tex/latex/graphics/color.sty
Package: color 2005/11/14 v1.0j Standard LaTeX Color (DPC)

(/usr/share/texlive/texmf-dist/tex/latex/latexconfig/color.cfg
File: color.cfg 2007/01/18 v1.5 color configuration of teTeX/TeXLive
)
Package color Info: Driver file: pdftex.def on input line 130.
)
(/usr/share/texlive/texmf-dist/tex/latex/tools/dcolumn.sty
Package: dcolumn 2001/05/28 v1.06 decimal alignment package (DPC)

(/usr/share/texlive/texmf-dist/tex/latex/tools/array.sty
Package: array 2008/09/09 v2.4c Tabular extension package (FMi)
\col@sep=\dimen117
\extrarowheight=\dimen118
\NC@list=\toks16
\extratabsurround=\skip46
\backup@length=\skip47
)))
(/usr/share/texlive/texmf-dist/tex/latex/psnfss/helvet.sty
Package: helvet 2005/04/12 PSNFSS-v9.2a (WaS) 
)
(/usr/share/texlive/texmf-dist/tex/latex/psnfss/times.sty
Package: times 2005/04/12 PSNFSS-v9.2a (SPQR) 
)
(/usr/share/texlive/texmf-dist/tex/latex/tools/bm.sty
Package: bm 2004/02/26 v1.1c Bold Symbol Support (DPC/FMi)
\symboldoperators=\mathgroup4
\symboldletters=\mathgroup5
\symboldsymbols=\mathgroup6
LaTeX Font Info:    Redeclaring math alphabet \mathbf on input line 138.
LaTeX Info: Redefining \bm on input line 204.
)
(/usr/share/texlive/texmf-dist/tex/latex/base/textcomp.sty
Package: textcomp 2005/09/27 v1.99g Standard LaTeX package
Package textcomp Info: Sub-encoding information:
(textcomp)               5 = only ISO-Adobe without \textcurrency
(textcomp)               4 = 5 + \texteuro
(textcomp)               3 = 4 + \textohm
(textcomp)               2 = 3 + \textestimated + \textcurrency
(textcomp)               1 = TS1 - \textcircled - \t
(textcomp)               0 = TS1 (full)
(textcomp)             Font families with sub-encoding setting implement
(textcomp)             only a restricted character set as indicated.
(textcomp)             Family '?' is the default used for unknown fonts.
(textcomp)             See the documentation for details.
Package textcomp Info: Setting ? sub-encoding to TS1/1 on input line 71.

(/usr/share/texlive/texmf-dist/tex/latex/base/ts1enc.def
File: ts1enc.def 2001/06/05 v3.0e (jk/car/fm) Standard LaTeX file
)
LaTeX Info: Redefining \oldstylenums on input line 266.
Package textcomp Info: Setting cmr sub-encoding to TS1/0 on input line 281.
Package textcomp Info: Setting cmss sub-encoding to TS1/0 on input line 282.
Package textcomp Info: Setting cmtt sub-encoding to TS1/0 on input line 283.
Package textcomp Info: Setting cmvtt sub-encoding to TS1/0 on input line 284.
Package textcomp Info: Setting cmbr sub-encoding to TS1/0 on input line 285.
Package textcomp Info: Setting cmtl sub-encoding to TS1/0 on input line 286.
Package textcomp Info: Setting ccr sub-encoding to TS1/0 on input line 287.
Package textcomp Info: Setting ptm sub-encoding to TS1/4 on input line 288.
Package textcomp Info: Setting pcr sub-encoding to TS1/4 on input line 289.
Package textcomp Info: Setting phv sub-encoding to TS1/4 on input line 290.
Package textcomp Info: Setting ppl sub-encoding to TS1/3 on input line 291.
Package textcomp Info: Setting pag sub-encoding to TS1/4 on input line 292.
Package textcomp Info: Setting pbk sub-encoding to TS1/4 on input line 293.
Package textcomp Info: Setting pnc sub-encoding to TS1/4 on input line 294.
Package textcomp Info: Setting pzc sub-encoding to TS1/4 on input line 295.
Package textcomp Info: Setting bch sub-encoding to TS1/4 on input line 296.
Package textcomp Info: Setting put sub-encoding to TS1/5 on input line 297.
Package textcomp Info: Setting uag sub-encoding to TS1/5 on input line 298.
Package textcomp Info: Setting ugq sub-encoding to TS1/5 on input line 299.
Package textcomp Info: Setting ul8 sub-encoding to TS1/4 on input line 300.
Package textcomp Info: Setting ul9 sub-encoding to TS1/4 on input line 301.
Package textcomp Info: Setting augie sub-encoding to TS1/5 on input line 302.
Package textcomp Info: Setting dayrom sub-encoding to TS1/3 on input line 303.
Package textcomp Info: Setting dayroms sub-encoding to TS1/3 on input line 304.

Package textcomp Info: Setting pxr sub-encoding to TS1/0 on input line 305.
Package textcomp Info: Setting pxss sub-encoding to TS1/0 on input line 306.
Package textcomp Info: Setting pxtt sub-encoding to TS1/0 on input line 307.
Package textcomp Info: Setting txr sub-encoding to TS1/0 on input line 308.
Package textcomp Info: Setting txss sub-encoding to TS1/0 on input line 309.
Package textcomp Info: Setting txtt sub-encoding to TS1/0 on input line 310.
Package textcomp Info: Setting lmr sub-encoding to TS1/0 on input line 311.
Package textcomp Info: Setting lmdh sub-encoding to TS1/0 on input line 312.
Package textcomp Info: Setting lmss sub-encoding to TS1/0 on input line 313.
Package textcomp Info: Setting lmssq sub-encoding to TS1/0 on input line 314.
Package textcomp Info: Setting lmvtt sub-encoding to TS1/0 on input line 315.
Package textcomp Info: Setting qhv sub-encoding to TS1/0 on input line 316.
Package textcomp Info: Setting qag sub-encoding to TS1/0 on input line 317.
Package textcomp Info: Setting qbk sub-encoding to TS1/0 on input line 318.
Package textcomp Info: Setting qcr sub-encoding to TS1/0 on input line 319.
Package textcomp Info: Setting qcs sub-encoding to TS1/0 on input line 320.
Package textcomp Info: Setting qpl sub-encoding to TS1/0 on input line 321.
Package textcomp Info: Setting qtm sub-encoding to TS1/0 on input line 322.
Package textcomp Info: Setting qzc sub-encoding to TS1/0 on input line 323.
Package textcomp Info: Setting qhvc sub-encoding to TS1/0 on input line 324.
Package textcomp Info: Setting futs sub-encoding to TS1/4 on input line 325.
Package textcomp Info: Setting futx sub-encoding to TS1/4 on input line 326.
Package textcomp Info: Setting futj sub-encoding to TS1/4 on input line 327.
Package textcomp Info: Setting hlh sub-encoding to TS1/3 on input line 328.
Package textcomp Info: Setting hls sub-encoding to TS1/3 on input line 329.
Package textcomp Info: Setting hlst sub-encoding to TS1/3 on input line 330.
Package textcomp Info: Setting hlct sub-encoding to TS1/5 on input line 331.
Package textcomp Info: Setting hlx sub-encoding to TS1/5 on input line 332.
Package textcomp Info: Setting hlce sub-encoding to TS1/5 on input line 333.
Package textcomp Info: Setting hlcn sub-encoding to TS1/5 on input line 334.
Package textcomp Info: Setting hlcw sub-encoding to TS1/5 on input line 335.
Package textcomp Info: Setting hlcf sub-encoding to TS1/5 on input line 336.
Package textcomp Info: Setting pplx sub-encoding to TS1/3 on input line 337.
Package textcomp Info: Setting pplj sub-encoding to TS1/3 on input line 338.
Package textcomp Info: Setting ptmx sub-encoding to TS1/4 on input line 339.
Package textcomp Info: Setting ptmj sub-encoding to TS1/4 on input line 340.
)
(/usr/share/texlive/texmf-dist/tex/latex/amsmath/amsmath.sty
Package: amsmath 2013/01/14 v2.14 AMS math features
\@mathmargin=\skip48

For additional information on amsmath, use the `?' option.
(/usr/share/texlive/texmf-dist/tex/latex/amsmath/amstext.sty
Package: amstext 2000/06/29 v2.01

(/usr/share/texlive/texmf-dist/tex/latex/amsmath/amsgen.sty
File: amsgen.sty 1999/11/30 v2.0
\@emptytoks=\toks17
\ex@=\dimen119
))
(/usr/share/texlive/texmf-dist/tex/latex/amsmath/amsbsy.sty
Package: amsbsy 1999/11/29 v1.2d
LaTeX Info: Redefining \boldsymbol on input line 39.
\pmbraise@=\dimen120
)
(/usr/share/texlive/texmf-dist/tex/latex/amsmath/amsopn.sty
Package: amsopn 1999/12/14 v2.01 operator names
)
\inf@bad=\count98
LaTeX Info: Redefining \frac on input line 210.
\uproot@=\count99
\leftroot@=\count100
LaTeX Info: Redefining \overline on input line 306.
\classnum@=\count101
\DOTSCASE@=\count102
LaTeX Info: Redefining \ldots on input line 378.
LaTeX Info: Redefining \dots on input line 381.
LaTeX Info: Redefining \cdots on input line 466.
\Mathstrutbox@=\box56
\strutbox@=\box57
\big@size=\dimen121
LaTeX Font Info:    Redeclaring font encoding OML on input line 566.
LaTeX Font Info:    Redeclaring font encoding OMS on input line 567.
\macc@depth=\count103
\c@MaxMatrixCols=\count104
\dotsspace@=\muskip10
\c@parentequation=\count105
\dspbrk@lvl=\count106
\tag@help=\toks18
\row@=\count107
\column@=\count108
\maxfields@=\count109
\andhelp@=\toks19
\eqnshift@=\dimen122
\alignsep@=\dimen123
\tagshift@=\dimen124
\tagwidth@=\dimen125
\totwidth@=\dimen126
\lineht@=\dimen127
\@envbody=\toks20
\multlinegap=\skip49
\multlinetaggap=\skip50
\mathdisplay@stack=\toks21
LaTeX Info: Redefining \[ on input line 2665.
LaTeX Info: Redefining \] on input line 2666.
)
(/usr/share/texlive/texmf-dist/tex/latex/algorithms/algorithm.sty
Package: algorithm 2009/08/24 v0.1 Document Style `algorithm' - floating enviro
nment

(/usr/share/texlive/texmf-dist/tex/latex/float/float.sty
Package: float 2001/11/08 v1.3d Float enhancements (AL)
\c@float@type=\count110
\float@exts=\toks22
\float@box=\box58
\@float@everytoks=\toks23
\@floatcapt=\box59
)
(/usr/share/texlive/texmf-dist/tex/latex/base/ifthen.sty
Package: ifthen 2001/05/26 v1.1c Standard LaTeX ifthen package (DPC)
)
\@float@every@algorithm=\toks24
\c@algorithm=\count111
)
(/usr/share/texlive/texmf-dist/tex/latex/algorithmicx/algpseudocode.sty
Package: algpseudocode 

(/usr/share/texlive/texmf-dist/tex/latex/algorithmicx/algorithmicx.sty
Package: algorithmicx 2005/04/27 v1.2 Algorithmicx

Document Style algorithmicx 1.2 - a greatly improved `algorithmic' style
\c@ALG@line=\count112
\c@ALG@rem=\count113
\c@ALG@nested=\count114
\ALG@tlm=\skip51
\ALG@thistlm=\skip52
\c@ALG@Lnr=\count115
\c@ALG@blocknr=\count116
\c@ALG@storecount=\count117
\c@ALG@tmpcounter=\count118
\ALG@tmplength=\skip53
)
Document Style - pseudocode environments for use with the `algorithmicx' style
) (/usr/share/texlive/texmf-dist/tex/latex/caption/caption.sty
Package: caption 2013/05/02 v3.3-89 Customizing captions (AR)

(/usr/share/texlive/texmf-dist/tex/latex/caption/caption3.sty
Package: caption3 2013/05/02 v1.6-88 caption3 kernel (AR)
Package caption3 Info: TeX engine: e-TeX on input line 57.
\captionmargin=\dimen128
\captionmargin@=\dimen129
\captionwidth=\dimen130
\caption@tempdima=\dimen131
\caption@indent=\dimen132
\caption@parindent=\dimen133
\caption@hangindent=\dimen134
)
\c@ContinuedFloat=\count119
Package caption Info: float package is loaded.
)
(/usr/share/texlive/texmf-dist/tex/latex/caption/subcaption.sty
Package: subcaption 2013/02/03 v1.1-62 Sub-captions (AR)
\c@subfigure=\count120
\c@subtable=\count121
)
(/usr/share/texlive/texmf-dist/tex/latex/amsfonts/amsfonts.sty
Package: amsfonts 2013/01/14 v3.01 Basic AMSFonts support
\symAMSa=\mathgroup7
\symAMSb=\mathgroup8
LaTeX Font Info:    Overwriting math alphabet `\mathfrak' in version `bold'
(Font)                  U/euf/m/n --> U/euf/b/n on input line 106.
)
(/usr/share/texlive/texmf-dist/tex/latex/doublestroke/dsfont.sty
Package: dsfont 1995/08/01 v0.1 Double stroke roman fonts
)
(/usr/share/texlive/texmf-dist/tex/latex/was/gensymb.sty
Package: gensymb 2003/07/02 v1.0 (WaS)
)
(/usr/share/texlive/texmf-dist/tex/latex/mh/mathtools.sty
Package: mathtools 2013/02/12 v1.13 mathematical typesetting tools

(/usr/share/texlive/texmf-dist/tex/latex/tools/calc.sty
Package: calc 2007/08/22 v4.3 Infix arithmetic (KKT,FJ)
\calc@Acount=\count122
\calc@Bcount=\count123
\calc@Adimen=\dimen135
\calc@Bdimen=\dimen136
\calc@Askip=\skip54
\calc@Bskip=\skip55
LaTeX Info: Redefining \setlength on input line 76.
LaTeX Info: Redefining \addtolength on input line 77.
\calc@Ccount=\count124
\calc@Cskip=\skip56
)
(/usr/share/texlive/texmf-dist/tex/latex/mh/mhsetup.sty
Package: mhsetup 2010/01/21 v1.2a programming setup (MH)
)
LaTeX Info: Thecontrolsequence`\['isalreadyrobust on input line 129.
LaTeX Info: Thecontrolsequence`\]'isalreadyrobust on input line 129.
\g_MT_multlinerow_int=\count125
\l_MT_multwidth_dim=\dimen137
\origjot=\skip57
\l_MT_shortvdotswithinadjustabove_dim=\dimen138
\l_MT_shortvdotswithinadjustbelow_dim=\dimen139
\l_MT_above_intertext_sep=\dimen140
\l_MT_below_intertext_sep=\dimen141
\l_MT_above_shortintertext_sep=\dimen142
\l_MT_below_shortintertext_sep=\dimen143
)
(/usr/share/texlive/texmf-dist/tex/latex/natbib/natbib.sty
Package: natbib 2010/09/13 8.31b (PWD, AO)
\bibhang=\skip58
\bibsep=\skip59
LaTeX Info: Redefining \cite on input line 694.
\c@NAT@ctr=\count126
)
(./Modelling_writeup.aux)
\openout1 = `Modelling_writeup.aux'.

LaTeX Font Info:    Checking defaults for OML/cmm/m/it on input line 114.
LaTeX Font Info:    ... okay on input line 114.
LaTeX Font Info:    Checking defaults for T1/cmr/m/n on input line 114.
LaTeX Font Info:    ... okay on input line 114.
LaTeX Font Info:    Checking defaults for OT1/cmr/m/n on input line 114.
LaTeX Font Info:    ... okay on input line 114.
LaTeX Font Info:    Checking defaults for OMS/cmsy/m/n on input line 114.
LaTeX Font Info:    ... okay on input line 114.
LaTeX Font Info:    Checking defaults for OMX/cmex/m/n on input line 114.
LaTeX Font Info:    ... okay on input line 114.
LaTeX Font Info:    Checking defaults for U/cmr/m/n on input line 114.
LaTeX Font Info:    ... okay on input line 114.
LaTeX Font Info:    Checking defaults for TS1/cmr/m/n on input line 114.
LaTeX Font Info:    Try loading font information for TS1+cmr on input line 114.


(/usr/share/texlive/texmf-dist/tex/latex/base/ts1cmr.fd
File: ts1cmr.fd 1999/05/25 v2.5h Standard LaTeX font definitions
)
LaTeX Font Info:    ... okay on input line 114.
LaTeX Font Info:    Try loading font information for OT1+ptm on input line 114.


(/usr/share/texlive/texmf-dist/tex/latex/psnfss/ot1ptm.fd
File: ot1ptm.fd 2001/06/04 font definitions for OT1/ptm.
)
(/usr/share/texlive/texmf-dist/tex/context/base/supp-pdf.mkii
[Loading MPS to PDF converter (version 2006.09.02).]
\scratchcounter=\count127
\scratchdimen=\dimen144
\scratchbox=\box60
\nofMPsegments=\count128
\nofMParguments=\count129
\everyMPshowfont=\toks25
\MPscratchCnt=\count130
\MPscratchDim=\dimen145
\MPnumerator=\count131
\makeMPintoPDFobject=\count132
\everyMPtoPDFconversion=\toks26
)
Package lastpage Info: Please have a look at the pageslts package at
(lastpage)             http://www.ctan.org/tex-archive/ 
(lastpage)             macros/latex/contrib/pageslts/ 
(lastpage)             or
(lastpage)             http://www.ctan.org/tex-archive/ 
(lastpage)             install/macros/latex/contrib/pageslts.tds.zip
(lastpage)             ! on input line 114.
Package caption Info: Begin \AtBeginDocument code.
Package caption Info: End \AtBeginDocument code.
\symgns@font=\mathgroup9
LaTeX Font Info:    Overwriting symbol font `gns@font' in version `bold'
(Font)                  TS1/ptm/m/n --> TS1/ptm/bx/n on input line 114.
Package gensymb Info: Math companion symbols declared on input line 114.
LaTeX Info: Redefining \degree on input line 114.
LaTeX Info: Redefining \celsius on input line 114.
Package gensymb Info: Using text companion symbols for \degree, \celsius and \p
erthousand on input line 114.
LaTeX Info: Redefining \ohm on input line 114.
Package gensymb Info: Using \textohm for \ohm on input line 114.
Package gensymb Info: Using \textmu for \micro on input line 114.
LaTeX Font Info:    Font shape `OT1/ptm/bx/n' in size <10> not available
(Font)              Font shape `OT1/ptm/b/n' tried instead on input line 148.
LaTeX Font Info:    Try loading font information for OT1+phv on input line 148.

 (/usr/share/texlive/texmf-dist/tex/latex/psnfss/ot1phv.fd
File: ot1phv.fd 2001/06/04 scalable font definitions for OT1/phv.
)
LaTeX Font Info:    Font shape `OT1/phv/bx/n' in size <10> not available
(Font)              Font shape `OT1/phv/b/n' tried instead on input line 148.
LaTeX Font Info:    Try loading font information for U+msa on input line 151.

(/usr/share/texlive/texmf-dist/tex/latex/amsfonts/umsa.fd
File: umsa.fd 2013/01/14 v3.01 AMS symbols A
)
LaTeX Font Info:    Try loading font information for U+msb on input line 151.

(/usr/share/texlive/texmf-dist/tex/latex/amsfonts/umsb.fd
File: umsb.fd 2013/01/14 v3.01 AMS symbols B
)
LaTeX Font Info:    Try loading font information for TS1+ptm on input line 151.


(/usr/share/texlive/texmf-dist/tex/latex/psnfss/ts1ptm.fd
File: ts1ptm.fd 2001/06/04 font definitions for TS1/ptm.
)
Underfull \vbox (badness 10000) has occurred while \output is active []


</home/harrison/Documents/mRNA/Figures_for_writeup/Drosophila_development_grk_l
abelled.png, id=1, 924.45375pt x 243.91125pt>
File: /home/harrison/Documents/mRNA/Figures_for_writeup/Drosophila_development_
grk_labelled.png Graphic file (type png)

<use /home/harrison/Documents/mRNA/Figures_for_writeup/Drosophila_development_g
rk_labelled.png>
Package pdftex.def Info: /home/harrison/Documents/mRNA/Figures_for_writeup/Dros
ophila_development_grk_labelled.png used on input line 184.
(pdftex.def)             Requested size: 240.60004pt x 63.47868pt.

Underfull \hbox (badness 1028) in paragraph at lines 180--188
[]\OT1/ptm/m/n/10 In par-tic-u-lar, the mRNA tran-scripts that set up the
 []


Underfull \vbox (badness 10000) has occurred while \output is active []

LaTeX Font Info:    Try loading font information for TS1+phv on input line 188.


(/usr/share/texlive/texmf-dist/tex/latex/psnfss/ts1phv.fd
File: ts1phv.fd 2001/06/04 scalable font definitions for TS1/phv.
)
Overfull \vbox (15.87198pt too high) has occurred while \output is active []


[1{/var/lib/texmf/fonts/map/pdftex/updmap/pdftex.map}


]
Underfull \vbox (badness 10000) has occurred while \output is active []

 [2 </home/harrison/Documents/mRNA/Figures_for_writeup/Drosophila_development_g
rk_labelled.png>]
Underfull \hbox (badness 1454) in paragraph at lines 243--246
\OT1/ptm/m/n/10 In this con-text, mod-elling involves break-ing down the
 []


Underfull \vbox (badness 10000) has occurred while \output is active []

Package epstopdf Info: Source file: </home/harrison/Documents/mRNA/Figures_for_
writeup/States_diagram.eps>
(epstopdf)                    date: 2015-06-30 11:19:44
(epstopdf)                    size: 89579 bytes
(epstopdf)             Output file: <./States_diagram-eps-converted-to.pdf>
(epstopdf)                    date: 2015-06-30 11:20:44
(epstopdf)                    size: 29615 bytes
(epstopdf)             Command: <repstopdf --outfile=./States_diagram-eps-conve
rted-to.pdf /home/harrison/Documents/mRNA/Figures_for_writeup/States_diagram.ep
s>
(epstopdf)             \includegraphics on input line 266.
Package epstopdf Info: Output file is already uptodate.

<./States_diagram-eps-converted-to.pdf, id=21, 727.71875pt x 345.29pt>
File: ./States_diagram-eps-converted-to.pdf Graphic file (type pdf)

<use ./States_diagram-eps-converted-to.pdf>
Package pdftex.def Info: ./States_diagram-eps-converted-to.pdf used on input li
ne 266.
(pdftex.def)             Requested size: 240.60004pt x 114.16206pt.

</home/harrison/Documents/mRNA/Figures_for_writeup/Ring_canals_snap_01.jpg, id=
22, 519.9425pt x 511.9125pt>
File: /home/harrison/Documents/mRNA/Figures_for_writeup/Ring_canals_snap_01.jpg
 Graphic file (type jpg)

<use /home/harrison/Documents/mRNA/Figures_for_writeup/Ring_canals_snap_01.jpg>
Package pdftex.def Info: /home/harrison/Documents/mRNA/Figures_for_writeup/Ring
_canals_snap_01.jpg used on input line 283.
(pdftex.def)             Requested size: 240.60004pt x 236.8808pt.
[3 <./States_diagram-eps-converted-to.pdf>]
</home/harrison/Documents/mRNA/Figures_for_writeup/Ring_canals_snap_02.jpg, id=
31, 519.9425pt x 511.9125pt>
File: /home/harrison/Documents/mRNA/Figures_for_writeup/Ring_canals_snap_02.jpg
 Graphic file (type jpg)

<use /home/harrison/Documents/mRNA/Figures_for_writeup/Ring_canals_snap_02.jpg>
Package pdftex.def Info: /home/harrison/Documents/mRNA/Figures_for_writeup/Ring
_canals_snap_02.jpg used on input line 291.
(pdftex.def)             Requested size: 212.16154pt x 208.88565pt.
Package epstopdf Info: Source file: </home/harrison/Documents/mRNA/Figures_for_
writeup/Typical_path.eps>
(epstopdf)                    date: 2015-06-24 16:57:13
(epstopdf)                    size: 58820 bytes
(epstopdf)             Output file: <./Typical_path-eps-converted-to.pdf>
(epstopdf)                    date: 2015-06-30 09:19:19
(epstopdf)                    size: 44580 bytes
(epstopdf)             Command: <repstopdf --outfile=./Typical_path-eps-convert
ed-to.pdf /home/harrison/Documents/mRNA/Figures_for_writeup/Typical_path.eps>
(epstopdf)             \includegraphics on input line 299.
Package epstopdf Info: Output file is already uptodate.
<./Typical_path-eps-converted-to.pdf, id=32, 500.87125pt x 408.52625pt>
File: ./Typical_path-eps-converted-to.pdf Graphic file (type pdf)

<use ./Typical_path-eps-converted-to.pdf>
Package pdftex.def Info: ./Typical_path-eps-converted-to.pdf used on input line
 299.
(pdftex.def)             Requested size: 212.16154pt x 173.04475pt.


LaTeX Warning: `h' float specifier changed to `ht'.

[4 </home/harrison/Documents/mRNA/Figures_for_writeup/Ring_canals_snap_01.jpg> 
</home/harrison/Documents/mRNA/Figures_for_writeup/Ring_canals_snap_02.jpg> <./
Typical_path-eps-converted-to.pdf>]
LaTeX Font Info:    Try loading font information for OMS+ptm on input line 334.


(/usr/share/texlive/texmf-dist/tex/latex/psnfss/omsptm.fd
File: omsptm.fd 
)
LaTeX Font Info:    Font shape `OMS/ptm/m/n' in size <10> not available
(Font)              Font shape `OMS/cmsy/m/n' tried instead on input line 334.
 [5]
Package epstopdf Info: Source file: </home/harrison/Documents/mRNA/Figures_for_
writeup/Typical_path.eps>
(epstopdf)                    date: 2015-06-24 16:57:13
(epstopdf)                    size: 58820 bytes
(epstopdf)             Output file: <./Typical_path-eps-converted-to.pdf>
(epstopdf)                    date: 2015-06-30 09:19:19
(epstopdf)                    size: 44580 bytes
(epstopdf)             Command: <repstopdf --outfile=./Typical_path-eps-convert
ed-to.pdf /home/harrison/Documents/mRNA/Figures_for_writeup/Typical_path.eps>
(epstopdf)             \includegraphics on input line 403.
Package epstopdf Info: Output file is already uptodate.
File: ./Typical_path-eps-converted-to.pdf Graphic file (type pdf)

<use ./Typical_path-eps-converted-to.pdf>
Package pdftex.def Info: ./Typical_path-eps-converted-to.pdf used on input line
 403.
(pdftex.def)             Requested size: 240.60004pt x 196.23997pt.

</home/harrison/Documents/mRNA/Figures_for_writeup/mcherry_stages.pdf, id=47, 1
027.84pt x 770.88pt>
File: /home/harrison/Documents/mRNA/Figures_for_writeup/mcherry_stages.pdf Grap
hic file (type pdf)

<use /home/harrison/Documents/mRNA/Figures_for_writeup/mcherry_stages.pdf>
Package pdftex.def Info: /home/harrison/Documents/mRNA/Figures_for_writeup/mche
rry_stages.pdf used on input line 412.
(pdftex.def)             Requested size: 449.27701pt x 336.9651pt.
Package epstopdf Info: Source file: </home/harrison/Documents/mRNA/Figures_for_
writeup/Spatial_distn_half_speed_mutant.eps>
(epstopdf)                    date: 2015-06-24 17:51:40
(epstopdf)                    size: 7879 bytes
(epstopdf)             Output file: <./Spatial_distn_half_speed_mutant-eps-conv
erted-to.pdf>
(epstopdf)                    date: 2015-06-30 09:19:19
(epstopdf)                    size: 6552 bytes
(epstopdf)             Command: <repstopdf --outfile=./Spatial_distn_half_speed
_mutant-eps-converted-to.pdf /home/harrison/Documents/mRNA/Figures_for_writeup/
Spatial_distn_half_speed_mutant.eps>
(epstopdf)             \includegraphics on input line 422.
Package epstopdf Info: Output file is already uptodate.

<./Spatial_distn_half_speed_mutant-eps-converted-to.pdf, id=48, 516.93124pt x 4
09.53pt>
File: ./Spatial_distn_half_speed_mutant-eps-converted-to.pdf Graphic file (type
 pdf)
 <use ./Spatial_distn_half_speed_mutant-eps-converted-to.pdf>
Package pdftex.def Info: ./Spatial_distn_half_speed_mutant-eps-converted-to.pdf
 used on input line 422.
(pdftex.def)             Requested size: 204.51149pt x 162.0219pt.

Underfull \hbox (badness 10000) in paragraph at lines 429--436
\OT1/ptm/m/n/10 Our model is depen-dent on six param-e-ters:
 []


Underfull \hbox (badness 1755) in paragraph at lines 429--436
\OML/cmm/m/it/10 ^^W[]; ^^W[]; ![]; ![]; ^^U; ^^^$\OT1/ptm/m/n/10 . We are able
 to explore the depen-
 []

[6 <./Spatial_distn_half_speed_mutant-eps-converted-to.pdf>]
</home/harrison/Documents/mRNA/Figures_for_writeup/3SumStats_phi.png, id=61, 14
45.4pt x 733.74126pt>
File: /home/harrison/Documents/mRNA/Figures_for_writeup/3SumStats_phi.png Graph
ic file (type png)

<use /home/harrison/Documents/mRNA/Figures_for_writeup/3SumStats_phi.png>
Package pdftex.def Info: /home/harrison/Documents/mRNA/Figures_for_writeup/3Sum
Stats_phi.png used on input line 441.
(pdftex.def)             Requested size: 237.12308pt x 120.36794pt.

</home/harrison/Documents/mRNA/Figures_for_writeup/3SumStats_nu.png, id=62, 144
5.4pt x 733.74126pt>
File: /home/harrison/Documents/mRNA/Figures_for_writeup/3SumStats_nu.png Graphi
c file (type png)

<use /home/harrison/Documents/mRNA/Figures_for_writeup/3SumStats_nu.png>
Package pdftex.def Info: /home/harrison/Documents/mRNA/Figures_for_writeup/3Sum
Stats_nu.png used on input line 449.
(pdftex.def)             Requested size: 237.12308pt x 120.36794pt.

</home/harrison/Documents/mRNA/Figures_for_writeup/3SumStats_omega1.png, id=63,
 1445.4pt x 731.73375pt>
File: /home/harrison/Documents/mRNA/Figures_for_writeup/3SumStats_omega1.png Gr
aphic file (type png)

<use /home/harrison/Documents/mRNA/Figures_for_writeup/3SumStats_omega1.png>
Package pdftex.def Info: /home/harrison/Documents/mRNA/Figures_for_writeup/3Sum
Stats_omega1.png used on input line 457.
(pdftex.def)             Requested size: 237.12308pt x 120.0386pt.

</home/harrison/Documents/mRNA/Figures_for_writeup/3SumStats_omega2.png, id=64,
 1445.4pt x 731.73375pt>
File: /home/harrison/Documents/mRNA/Figures_for_writeup/3SumStats_omega2.png Gr
aphic file (type png)

<use /home/harrison/Documents/mRNA/Figures_for_writeup/3SumStats_omega2.png>
Package pdftex.def Info: /home/harrison/Documents/mRNA/Figures_for_writeup/3Sum
Stats_omega2.png used on input line 465.
(pdftex.def)             Requested size: 237.12308pt x 120.0386pt.

</home/harrison/Documents/mRNA/Figures_for_writeup/3SumStats_lambda.png, id=65,
 1445.4pt x 731.73375pt>
File: /home/harrison/Documents/mRNA/Figures_for_writeup/3SumStats_lambda.png Gr
aphic file (type png)

<use /home/harrison/Documents/mRNA/Figures_for_writeup/3SumStats_lambda.png>
Package pdftex.def Info: /home/harrison/Documents/mRNA/Figures_for_writeup/3Sum
Stats_lambda.png used on input line 473.
(pdftex.def)             Requested size: 237.12308pt x 120.0386pt.
Package epstopdf Info: Source file: </home/harrison/Documents/mRNA/Figures_for_
writeup/Q_distn_phi.eps>
(epstopdf)                    date: 2015-06-24 17:51:40
(epstopdf)                    size: 8730 bytes
(epstopdf)             Output file: <./Q_distn_phi-eps-converted-to.pdf>
(epstopdf)                    date: 2015-06-30 09:19:17
(epstopdf)                    size: 6855 bytes
(epstopdf)             Command: <repstopdf --outfile=./Q_distn_phi-eps-converte
d-to.pdf /home/harrison/Documents/mRNA/Figures_for_writeup/Q_distn_phi.eps>
(epstopdf)             \includegraphics on input line 489.
Package epstopdf Info: Output file is already uptodate.

<./Q_distn_phi-eps-converted-to.pdf, id=66, 516.93124pt x 409.53pt>
File: ./Q_distn_phi-eps-converted-to.pdf Graphic file (type pdf)

<use ./Q_distn_phi-eps-converted-to.pdf>
Package pdftex.def Info: ./Q_distn_phi-eps-converted-to.pdf used on input line 
489.
(pdftex.def)             Requested size: 212.16154pt x 168.08334pt.
Package epstopdf Info: Source file: </home/harrison/Documents/mRNA/Figures_for_
writeup/Q_distn_nu.eps>
(epstopdf)                    date: 2015-06-24 17:51:40
(epstopdf)                    size: 8721 bytes
(epstopdf)             Output file: <./Q_distn_nu-eps-converted-to.pdf>
(epstopdf)                    date: 2015-06-30 09:19:18
(epstopdf)                    size: 6897 bytes
(epstopdf)             Command: <repstopdf --outfile=./Q_distn_nu-eps-converted
-to.pdf /home/harrison/Documents/mRNA/Figures_for_writeup/Q_distn_nu.eps>
(epstopdf)             \includegraphics on input line 497.
Package epstopdf Info: Output file is already uptodate.

<./Q_distn_nu-eps-converted-to.pdf, id=67, 516.93124pt x 409.53pt>
File: ./Q_distn_nu-eps-converted-to.pdf Graphic file (type pdf)

<use ./Q_distn_nu-eps-converted-to.pdf>
Package pdftex.def Info: ./Q_distn_nu-eps-converted-to.pdf used on input line 4
97.
(pdftex.def)             Requested size: 212.16154pt x 168.08334pt.
Package epstopdf Info: Source file: </home/harrison/Documents/mRNA/Figures_for_
writeup/Q_distn_omega1.eps>
(epstopdf)                    date: 2015-06-24 17:51:40
(epstopdf)                    size: 8725 bytes
(epstopdf)             Output file: <./Q_distn_omega1-eps-converted-to.pdf>
(epstopdf)                    date: 2015-06-30 09:19:18
(epstopdf)                    size: 7068 bytes
(epstopdf)             Command: <repstopdf --outfile=./Q_distn_omega1-eps-conve
rted-to.pdf /home/harrison/Documents/mRNA/Figures_for_writeup/Q_distn_omega1.ep
s>
(epstopdf)             \includegraphics on input line 505.
Package epstopdf Info: Output file is already uptodate.

<./Q_distn_omega1-eps-converted-to.pdf, id=68, 516.93124pt x 409.53pt>
File: ./Q_distn_omega1-eps-converted-to.pdf Graphic file (type pdf)

<use ./Q_distn_omega1-eps-converted-to.pdf>
Package pdftex.def Info: ./Q_distn_omega1-eps-converted-to.pdf used on input li
ne 505.
(pdftex.def)             Requested size: 212.16154pt x 168.08334pt.
Package epstopdf Info: Source file: </home/harrison/Documents/mRNA/Figures_for_
writeup/Q_distn_omega2.eps>
(epstopdf)                    date: 2015-06-24 17:51:40
(epstopdf)                    size: 8725 bytes
(epstopdf)             Output file: <./Q_distn_omega2-eps-converted-to.pdf>
(epstopdf)                    date: 2015-06-30 09:19:18
(epstopdf)                    size: 7031 bytes
(epstopdf)             Command: <repstopdf --outfile=./Q_distn_omega2-eps-conve
rted-to.pdf /home/harrison/Documents/mRNA/Figures_for_writeup/Q_distn_omega2.ep
s>
(epstopdf)             \includegraphics on input line 513.
Package epstopdf Info: Output file is already uptodate.

<./Q_distn_omega2-eps-converted-to.pdf, id=69, 516.93124pt x 409.53pt>
File: ./Q_distn_omega2-eps-converted-to.pdf Graphic file (type pdf)

<use ./Q_distn_omega2-eps-converted-to.pdf>
Package pdftex.def Info: ./Q_distn_omega2-eps-converted-to.pdf used on input li
ne 513.
(pdftex.def)             Requested size: 212.16154pt x 168.08334pt.
Package epstopdf Info: Source file: </home/harrison/Documents/mRNA/Figures_for_
writeup/Q_distn_lambda.eps>
(epstopdf)                    date: 2015-06-24 17:51:40
(epstopdf)                    size: 8631 bytes
(epstopdf)             Output file: <./Q_distn_lambda-eps-converted-to.pdf>
(epstopdf)                    date: 2015-06-30 09:19:19
(epstopdf)                    size: 7046 bytes
(epstopdf)             Command: <repstopdf --outfile=./Q_distn_lambda-eps-conve
rted-to.pdf /home/harrison/Documents/mRNA/Figures_for_writeup/Q_distn_lambda.ep
s>
(epstopdf)             \includegraphics on input line 521.
Package epstopdf Info: Output file is already uptodate.

<./Q_distn_lambda-eps-converted-to.pdf, id=70, 516.93124pt x 409.53pt>
File: ./Q_distn_lambda-eps-converted-to.pdf Graphic file (type pdf)

<use ./Q_distn_lambda-eps-converted-to.pdf>
Package pdftex.def Info: ./Q_distn_lambda-eps-converted-to.pdf used on input li
ne 521.
(pdftex.def)             Requested size: 212.16154pt x 168.08334pt.

Underfull \vbox (badness 10000) has occurred while \output is active []


</home/harrison/Documents/mRNA/Figures_for_writeup/Hist_of_posterior_N_2000_RS_
from_matlab_v2.png, id=71, 1396.4672pt x 753.5653pt>
File: /home/harrison/Documents/mRNA/Figures_for_writeup/Hist_of_posterior_N_200
0_RS_from_matlab_v2.png Graphic file (type png)

<use /home/harrison/Documents/mRNA/Figures_for_writeup/Hist_of_posterior_N_2000
_RS_from_matlab_v2.png>
Package pdftex.def Info: /home/harrison/Documents/mRNA/Figures_for_writeup/Hist
_of_posterior_N_2000_RS_from_matlab_v2.png used on input line 555.
(pdftex.def)             Requested size: 339.4524pt x 183.17055pt.

</home/harrison/Documents/mRNA/Figures_for_writeup/Pairwise_parameter_heatmap_N
2000_RS.png, id=72, 1396.4672pt x 753.5653pt>
File: /home/harrison/Documents/mRNA/Figures_for_writeup/Pairwise_parameter_heat
map_N2000_RS.png Graphic file (type png)

<use /home/harrison/Documents/mRNA/Figures_for_writeup/Pairwise_parameter_heatm
ap_N2000_RS.png>
Package pdftex.def Info: /home/harrison/Documents/mRNA/Figures_for_writeup/Pair
wise_parameter_heatmap_N2000_RS.png used on input line 563.
(pdftex.def)             Requested size: 339.4524pt x 183.17055pt.

Underfull \vbox (badness 10000) has occurred while \output is active []

LaTeX Font Info:    Font shape `OT1/phv/m/it' in size <8> not available
(Font)              Font shape `OT1/phv/m/sl' tried instead on input line 581.
 [7 </home/harrison/Documents/mRNA/Figures_for_writeup/mcherry_stages.pdf>]
Underfull \vbox (badness 10000) has occurred while \output is active []


Underfull \vbox (badness 10000) has occurred while \output is active []

 [8 </home/harrison/Documents/mRNA/Figures_for_writeup/3SumStats_phi.png (PNG c
opy)> </home/harrison/Documents/mRNA/Figures_for_writeup/3SumStats_nu.png (PNG 
copy)> </home/harrison/Documents/mRNA/Figures_for_writeup/3SumStats_omega1.png 
(PNG copy)> </home/harrison/Documents/mRNA/Figures_for_writeup/3SumStats_omega2
.png (PNG copy)> </home/harrison/Documents/mRNA/Figures_for_writeup/3SumStats_l
ambda.png (PNG copy)>] [9 <./Q_distn_phi-eps-converted-to.pdf> <./Q_distn_nu-ep
s-converted-to.pdf> <./Q_distn_omega1-eps-converted-to.pdf> <./Q_distn_omega2-e
ps-converted-to.pdf> <./Q_distn_lambda-eps-converted-to.pdf>]
Package epstopdf Info: Source file: </home/harrison/Documents/mRNA/Figures_for_
writeup/Spatial_distn_gamma_008.eps>
(epstopdf)                    date: 2015-06-25 15:01:56
(epstopdf)                    size: 12786 bytes
(epstopdf)             Output file: <./Spatial_distn_gamma_008-eps-converted-to
.pdf>
(epstopdf)                    date: 2015-06-30 09:19:20
(epstopdf)                    size: 7584 bytes
(epstopdf)             Command: <repstopdf --outfile=./Spatial_distn_gamma_008-
eps-converted-to.pdf /home/harrison/Documents/mRNA/Figures_for_writeup/Spatial_
distn_gamma_008.eps>
(epstopdf)             \includegraphics on input line 604.
Package epstopdf Info: Output file is already uptodate.

<./Spatial_distn_gamma_008-eps-converted-to.pdf, id=186, 1444.39626pt x 736.752
5pt>
File: ./Spatial_distn_gamma_008-eps-converted-to.pdf Graphic file (type pdf)
 <use ./Spatial_distn_gamma_008-eps-converted-to.pdf>
Package pdftex.def Info: ./Spatial_distn_gamma_008-eps-converted-to.pdf used on
 input line 604.
(pdftex.def)             Requested size: 449.27701pt x 229.16661pt.

</home/harrison/Documents/mRNA/Figures_for_writeup/Raw_data.jpg, id=187, 874.26
625pt x 649.42625pt>
File: /home/harrison/Documents/mRNA/Figures_for_writeup/Raw_data.jpg Graphic fi
le (type jpg)

<use /home/harrison/Documents/mRNA/Figures_for_writeup/Raw_data.jpg>
Package pdftex.def Info: /home/harrison/Documents/mRNA/Figures_for_writeup/Raw_
data.jpg used on input line 613.
(pdftex.def)             Requested size: 182.8547pt x 135.8286pt.
Package epstopdf Info: Source file: </home/harrison/Documents/mRNA/Figures_for_
writeup/Processed_data.eps>
(epstopdf)                    date: 2015-06-25 13:58:03
(epstopdf)                    size: 8448 bytes
(epstopdf)             Output file: <./Processed_data-eps-converted-to.pdf>
(epstopdf)                    date: 2015-06-30 09:19:20
(epstopdf)                    size: 6064 bytes
(epstopdf)             Command: <repstopdf --outfile=./Processed_data-eps-conve
rted-to.pdf /home/harrison/Documents/mRNA/Figures_for_writeup/Processed_data.ep
s>
(epstopdf)             \includegraphics on input line 622.
Package epstopdf Info: Output file is already uptodate.

<./Processed_data-eps-converted-to.pdf, id=188, 561.09625pt x 421.575pt>
File: ./Processed_data-eps-converted-to.pdf Graphic file (type pdf)

<use ./Processed_data-eps-converted-to.pdf>
Package pdftex.def Info: ./Processed_data-eps-converted-to.pdf used on input li
ne 622.
(pdftex.def)             Requested size: 206.91617pt x 155.45924pt.

Underfull \vbox (badness 10000) has occurred while \output is active []


Underfull \vbox (badness 10000) has occurred while \output is active []

 [10 </home/harrison/Documents/mRNA/Figures_for_writeup/Hist_of_posterior_N_200
0_RS_from_matlab_v2.png (PNG copy)> </home/harrison/Documents/mRNA/Figures_for_
writeup/Pairwise_parameter_heatmap_N2000_RS.png (PNG copy)>]
Package epstopdf Info: Source file: </home/harrison/Documents/mRNA/Figures_for_
writeup/Auto_hist_w_production2.eps>
(epstopdf)                    date: 2015-06-26 15:45:02
(epstopdf)                    size: 32292 bytes
(epstopdf)             Output file: <./Auto_hist_w_production2-eps-converted-to
.pdf>
(epstopdf)                    date: 2015-06-30 09:19:21
(epstopdf)                    size: 12484 bytes
(epstopdf)             Command: <repstopdf --outfile=./Auto_hist_w_production2-
eps-converted-to.pdf /home/harrison/Documents/mRNA/Figures_for_writeup/Auto_his
t_w_production2.eps>
(epstopdf)             \includegraphics on input line 651.
Package epstopdf Info: Output file is already uptodate.

<./Auto_hist_w_production2-eps-converted-to.pdf, id=192, 1444.39626pt x 729.726
26pt>
File: ./Auto_hist_w_production2-eps-converted-to.pdf Graphic file (type pdf)
 <use ./Auto_hist_w_production2-eps-converted-to.pdf>
Package pdftex.def Info: ./Auto_hist_w_production2-eps-converted-to.pdf used on
 input line 651.
(pdftex.def)             Requested size: 329.47386pt x 166.4528pt.
Package epstopdf Info: Source file: </home/harrison/Documents/mRNA/Figures_for_
writeup/Auto_heatmap_w_production2.eps>
(epstopdf)                    date: 2015-06-26 15:45:02
(epstopdf)                    size: 59991 bytes
(epstopdf)             Output file: <./Auto_heatmap_w_production2-eps-converted
-to.pdf>
(epstopdf)                    date: 2015-06-30 09:19:21
(epstopdf)                    size: 15128 bytes
(epstopdf)             Command: <repstopdf --outfile=./Auto_heatmap_w_productio
n2-eps-converted-to.pdf /home/harrison/Documents/mRNA/Figures_for_writeup/Auto_
heatmap_w_production2.eps>
(epstopdf)             \includegraphics on input line 660.
Package epstopdf Info: Output file is already uptodate.

<./Auto_heatmap_w_production2-eps-converted-to.pdf, id=193, 1444.39626pt x 729.
72626pt>
File: ./Auto_heatmap_w_production2-eps-converted-to.pdf Graphic file (type pdf)

 <use ./Auto_heatmap_w_production2-eps-converted-to.pdf>
Package pdftex.def Info: ./Auto_heatmap_w_production2-eps-converted-to.pdf used
 on input line 660.
(pdftex.def)             Requested size: 379.38931pt x 191.67293pt.

Underfull \vbox (badness 10000) has occurred while \output is active []


Underfull \vbox (badness 10000) has occurred while \output is active []

 [11 <./Spatial_distn_gamma_008-eps-converted-to.pdf>]
Underfull \vbox (badness 10000) has occurred while \output is active []


Underfull \vbox (badness 10000) has occurred while \output is active []

 [12 <./Auto_hist_w_production2-eps-converted-to.pdf> <./Auto_heatmap_w_product
ion2-eps-converted-to.pdf>]
Underfull \vbox (badness 10000) has occurred while \output is active []

 [13 </home/harrison/Documents/mRNA/Figures_for_writeup/Raw_data.jpg> <./Proces
sed_data-eps-converted-to.pdf>] (./Modelling_writeup.bbl
Underfull \vbox (badness 10000) has occurred while \output is active []

 [14]
Underfull \vbox (badness 10000) has occurred while \output is active []

Missing character: There is no â in font ptmr7t!
Missing character: There is no € in font ptmr7t!
Missing character: There is no ” in font ptmr7t!
)

AED: lastpage setting LastPage
[15] (./Modelling_writeup.aux) ) 
Here is how much of TeX's memory you used:
 6302 strings out of 493304
 99711 string characters out of 6139871
 172505 words of memory out of 5000000
 9561 multiletter control sequences out of 15000+600000
 43834 words of font info for 107 fonts, out of 8000000 for 9000
 957 hyphenation exceptions out of 8191
 49i,11n,47p,1141b,543s stack positions out of 5000i,500n,10000p,200000b,80000s
{/usr/share/texlive/texmf-dist/fonts/enc/dvips/
base/8r.enc}</usr/share/texlive/texmf-dist/fonts/type1/public/amsfonts/cm/cmex1
0.pfb></usr/share/texlive/texmf-dist/fonts/type1/public/amsfonts/cm/cmmi10.pfb>
</usr/share/texlive/texmf-dist/fonts/type1/public/amsfonts/cm/cmmi7.pfb></usr/s
hare/texlive/texmf-dist/fonts/type1/public/amsfonts/cm/cmmi9.pfb></usr/share/te
xlive/texmf-dist/fonts/type1/public/amsfonts/cm/cmr10.pfb></usr/share/texlive/t
exmf-dist/fonts/type1/public/amsfonts/cm/cmr6.pfb></usr/share/texlive/texmf-dis
t/fonts/type1/public/amsfonts/cm/cmr7.pfb></usr/share/texlive/texmf-dist/fonts/
type1/public/amsfonts/cm/cmr9.pfb></usr/share/texlive/texmf-dist/fonts/type1/pu
blic/amsfonts/cm/cmsy10.pfb></usr/share/texlive/texmf-dist/fonts/type1/public/a
msfonts/cm/cmsy6.pfb></usr/share/texlive/texmf-dist/fonts/type1/public/amsfonts
/cm/cmsy7.pfb></usr/share/texlive/texmf-dist/fonts/type1/public/amsfonts/cm/cms
y8.pfb></usr/share/texlive/texmf-dist/fonts/type1/urw/helvetic/uhvb8a.pfb></usr
/share/texlive/texmf-dist/fonts/type1/urw/helvetic/uhvr8a.pfb></usr/share/texli
ve/texmf-dist/fonts/type1/urw/helvetic/uhvro8a.pfb></usr/share/texlive/texmf-di
st/fonts/type1/urw/times/utmb8a.pfb></usr/share/texlive/texmf-dist/fonts/type1/
urw/times/utmr8a.pfb></usr/share/texlive/texmf-dist/fonts/type1/urw/times/utmri
8a.pfb>
Output written on Modelling_writeup.pdf (15 pages, 1844334 bytes).
PDF statistics:
 300 PDF objects out of 1000 (max. 8388607)
 202 compressed objects within 3 object streams
 0 named destinations out of 1000 (max. 500000)
 121 words of extra memory for PDF output out of 10000 (max. 10000000)

